h:\gs\cheat\build\gs.lib
h:\gs\cheat\build\gs.exp
h:\gs\cheat\bin\win32\release\vc143.pdb
h:\gs\cheat\bin\win32\release\hooks.obj
h:\gs\cheat\bin\win32\release\dll.obj
h:\gs\cheat\bin\win32\release\animation_system.obj
h:\gs\cheat\bin\win32\release\backtrack.obj
h:\gs\cheat\bin\win32\release\legitbot.obj
h:\gs\cheat\bin\win32\release\key_binds.obj
h:\gs\cheat\bin\win32\release\simulation.obj
h:\gs\cheat\bin\win32\release\aim.obj
h:\gs\cheat\bin\win32\release\tickbase_shift.obj
h:\gs\cheat\bin\win32\release\bullet_tracers.obj
h:\gs\cheat\bin\win32\release\nightmode.obj
h:\gs\cheat\bin\win32\release\configs.obj
h:\gs\cheat\bin\win32\release\hooked_dme.obj
h:\gs\cheat\bin\win32\release\hooked_events.obj
h:\gs\cheat\bin\win32\release\hooked_listleavesinbox.obj
h:\gs\cheat\bin\win32\release\hooked_postscreeneffects.obj
h:\gs\cheat\bin\win32\release\hooked_senddatagram.obj
h:\gs\cheat\bin\win32\release\code_editor.obj
h:\gs\cheat\bin\win32\release\imgui_widgets.obj
h:\gs\cheat\bin\win32\release\menu.obj
h:\gs\cheat\bin\win32\release\item_definitions.obj
h:\gs\cheat\bin\win32\release\platform.obj
h:\gs\cheat\bin\win32\release\custom_sounds.obj
h:\gs\cheat\bin\win32\release\vector2d.obj
h:\gs\cheat\bin\win32\release\vector4d.obj
h:\gs\cheat\bin\win32\release\vmatrix.obj
h:\gs\cheat\bin\win32\release\characterset.obj
h:\gs\cheat\bin\win32\release\checksum_crc.obj
h:\gs\cheat\bin\win32\release\checksum_md5.obj
h:\gs\cheat\bin\win32\release\convar.obj
h:\gs\cheat\bin\win32\release\ctx.obj
h:\gs\cheat\bin\win32\release\recv.obj
h:\gs\cheat\bin\win32\release\slowwalk.obj
h:\gs\cheat\bin\win32\release\local_animations.obj
h:\gs\cheat\bin\win32\release\airstrafe.obj
h:\gs\cheat\bin\win32\release\logs.obj
h:\gs\cheat\bin\win32\release\spammers.obj
h:\gs\cheat\bin\win32\release\knifebot.obj
h:\gs\cheat\bin\win32\release\grenadeprediction.obj
h:\gs\cheat\bin\win32\release\world_esp.obj
h:\gs\cheat\bin\win32\release\discord_register_win.obj
h:\gs\cheat\bin\win32\release\rpc_connection.obj
h:\gs\cheat\bin\win32\release\hooked_beginframe.obj
h:\gs\cheat\bin\win32\release\hooked_drawfog.obj
h:\gs\cheat\bin\win32\release\hooked_getmaterial.obj
h:\gs\cheat\bin\win32\release\hooked_overrideview.obj
h:\gs\cheat\bin\win32\release\hooked_sceneend.obj
h:\gs\cheat\bin\win32\release\hooked_trace.obj
h:\gs\cheat\bin\win32\release\imgui_demo.obj
h:\gs\cheat\bin\win32\release\imgui_impl_win32.obj
h:\gs\cheat\bin\win32\release\cluahook.obj
h:\gs\cheat\bin\win32\release\main.obj
h:\gs\cheat\bin\win32\release\rawdata.obj
h:\gs\cheat\bin\win32\release\renderer.obj
h:\gs\cheat\bin\win32\release\memory.obj
h:\gs\cheat\bin\win32\release\color.obj
h:\gs\cheat\bin\win32\release\threadtools.obj
h:\gs\cheat\bin\win32\release\utlbuffer.obj
h:\gs\cheat\bin\win32\release\utlstring.obj
h:\gs\cheat\bin\win32\release\csgo.obj
h:\gs\cheat\bin\win32\release\math.obj
h:\gs\cheat\bin\win32\release\twofish.obj
h:\gs\cheat\bin\win32\release\util.obj
h:\gs\cheat\bin\win32\release\autowall.obj
h:\gs\cheat\bin\win32\release\resolver.obj
h:\gs\cheat\bin\win32\release\fakelag.obj
h:\gs\cheat\bin\win32\release\prediction_system.obj
h:\gs\cheat\bin\win32\release\postproccessing.obj
h:\gs\cheat\bin\win32\release\antiaim.obj
h:\gs\cheat\bin\win32\release\dormant_esp.obj
h:\gs\cheat\bin\win32\release\other_esp.obj
h:\gs\cheat\bin\win32\release\aes256.obj
h:\gs\cheat\bin\win32\release\config.obj
h:\gs\cheat\bin\win32\release\connection_win.obj
h:\gs\cheat\bin\win32\release\discord_rpc.obj
h:\gs\cheat\bin\win32\release\hooked_createmove.obj
h:\gs\cheat\bin\win32\release\hooked_findmdl.obj
h:\gs\cheat\bin\win32\release\hooked_ishltv.obj
h:\gs\cheat\bin\win32\release\hooked_painttraverse.obj
h:\gs\cheat\bin\win32\release\hooked_isconnected.obj
h:\gs\cheat\bin\win32\release\render.obj
h:\gs\cheat\bin\win32\release\vfunc_hook.obj
h:\gs\cheat\bin\win32\release\imgui_draw.obj
h:\gs\cheat\bin\win32\release\clip.obj
h:\gs\cheat\bin\win32\release\clip_win.obj
h:\gs\cheat\bin\win32\release\framework.obj
h:\gs\cheat\bin\win32\release\skinchanger.obj
h:\gs\cheat\bin\win32\release\structs.obj
h:\gs\cheat\bin\win32\release\draw_manager.obj
h:\gs\cheat\bin\win32\release\sha-256.obj
h:\gs\cheat\bin\win32\release\grenade_warning.obj
h:\gs\cheat\bin\win32\release\setup_bones.obj
h:\gs\cheat\bin\win32\release\bunnyhop.obj
h:\gs\cheat\bin\win32\release\misc.obj
h:\gs\cheat\bin\win32\release\gamedata.obj
h:\gs\cheat\bin\win32\release\zeusbot.obj
h:\gs\cheat\bin\win32\release\hitchams.obj
h:\gs\cheat\bin\win32\release\player_esp.obj
h:\gs\cheat\bin\win32\release\discordrpc.obj
h:\gs\cheat\bin\win32\release\serialization.obj
h:\gs\cheat\bin\win32\release\hooked_fsn.obj
h:\gs\cheat\bin\win32\release\hooked_lockcursor.obj
h:\gs\cheat\bin\win32\release\hooked_runcommand.obj
h:\gs\cheat\bin\win32\release\hooked_player.obj
h:\gs\cheat\bin\win32\release\imgui.obj
h:\gs\cheat\bin\win32\release\imgui_impl_dx9.obj
h:\gs\cheat\bin\win32\release\clua.obj
h:\gs\cheat\bin\win32\release\md5.obj
h:\gs\cheat\bin\win32\release\netmanager.obj
h:\gs\cheat\build\gs.dll
h:\gs\cheat\bin\win32\release\gs.ipdb
h:\gs\cheat\bin\win32\release\gs.iobj
h:\gs\cheat\build\gs.map
h:\gs\cheat\build\gs.pdb
h:\gs\cheat\bin\win32\release\cheat.vcxproj.filelistabsolute.txt
h:\gs\cheat\bin\win32\release\cheat.tlog\cheat.write.1u.tlog
h:\gs\cheat\bin\win32\release\cheat.tlog\cl.command.1.tlog
h:\gs\cheat\bin\win32\release\cheat.tlog\cl.read.1.tlog
h:\gs\cheat\bin\win32\release\cheat.tlog\cl.write.1.tlog
h:\gs\cheat\bin\win32\release\cheat.tlog\link.command.1.tlog
h:\gs\cheat\bin\win32\release\cheat.tlog\link.read.1.tlog
h:\gs\cheat\bin\win32\release\cheat.tlog\link.write.1.tlog
